[ERROR]: failed to open downloaded file: http://www.zillow.com/homes/95051_rb/1_p/
[ERROR]: failed to open downloaded file: http://www.zillow.com/homes/95051_rb/1_p/
[ERROR]: failed to open downloaded file: http://www.zillow.com/homes/95051_rb/1_p/
[ERROR]: failed to open downloaded file: http://www.zillow.com/homes/95051_rb/1_p/
[ERROR]: failed to open downloaded file: http://www.zillow.com/homes/95051_rb/1_p/
$VAR1 = {
          '\\/homes\\/\\d+_rb \\/homes\\/\\d+_rb \\/homedetails' => []
        };
[ERROR]: failed to open downloaded file: http://www.zillow.com/homes/95051_rb/1_p/
[ERROR]: failed to open downloaded file: http://www.zillow.com/homes/95051_rb/1_p/
$VAR1 = {
          '\\/homes\\/\\d+_rb \\/homes\\/\\d+_rb \\/homedetails' => []
        };
[ERROR]: failed to open downloaded file: http://www.zillow.com/homes/95051_rb/1_p/
$VAR1 = {
          '\\/homes\\/\\d+_rb' => [
                                    '\\/homes\\/\\d+_rb',
                                    '\\/homedetails'
                                  ]
        };
$VAR1 = {
          '\\/homes\\/\\d+_rb' => [
                                    '\\/homes\\/\\d+_rb',
                                    '\\/homedetails'
                                  ]
        };
[ERROR]: failed to open downloaded file: http://www.zillow.com/homedetails/2440-Benton-St-Santa-Clara-CA-95051/19595620_zpid/
[ERROR]: failed to open downloaded file: http://www.zillow.com/homedetails/150-Saratoga-Ave-UNIT-352-Santa-Clara-CA-95051/19601081_zpid/
$VAR1 = {
          '\\/homes\\/\\d+_rb' => [
                                    '\\/homes\\/\\d+_rb',
                                    '\\/homedetails'
                                  ]
        };
[ERROR]: failed to open downloaded file: http://www.zillow.com/homedetails/920-Wren-Ave-Santa-Clara-CA-95051/19617197_zpid/
[ERROR]: failed to open downloaded file: http://www.zillow.com/homedetails/1910-Magdalena-Cir-APT-93-Santa-Clara-CA-95051/19550765_zpid/
[ERROR]: failed to open downloaded file: http://www.zillow.com/homedetails/3310-Lochinvar-Ave-APT-60-Santa-Clara-CA-95051/59683160_zpid/
$VAR1 = {
          '\\/homes\\/\\d+_rb' => [
                                    '\\/homes\\/\\d+_rb',
                                    '\\/homedetails'
                                  ]
        };
[ERROR]: failed to open downloaded file: http://www.zillow.com/homedetails/2239-Brown-Ave-Santa-Clara-CA-95051/19555422_zpid/
[ERROR]: failed to open downloaded file: http://www.zillow.com/homedetails/2580-Homestead-Rd-Santa-Clara-CA-95051/2109601416_zpid/
$VAR1 = {
          '\\/homes\\/\\d+_rb' => [
                                    '\\/homes\\/\\d+_rb',
                                    '\\/homedetails'
                                  ]
        };
[ERROR]: failed to open downloaded file: http://www.zillow.com/homedetails/2671-Rebeiro-Ave-Santa-Clara-CA-95051/19599978_zpid/
[ERROR]: failed to open downloaded file: http://www.zillow.com/homedetails/2071-Kimberlin-Pl-Santa-Clara-CA-95051/19554073_zpid/
[ERROR]: failed to open downloaded file: http://www.zillow.com/homedetails/Kaiser-Dr-Santa-Clara-CA-95051/2101552084_zpid/
$VAR1 = {
          '\\/homes\\/\\d+_rb' => [
                                    '\\/homes\\/\\d+_rb',
                                    '\\/homedetails'
                                  ]
        };
[ERROR]: failed to open downloaded file: http://www.zillow.com/homedetails/Wood-Duck-Ave-Santa-Clara-CA-95051/2101651194_zpid/
[ERROR]: failed to open downloaded file: http://www.zillow.com/homedetails/121-Buckingham-Dr-UNIT-25-Santa-Clara-CA-95051/19601153_zpid/
[ERROR]: failed to open downloaded file: http://www.zillow.com/homedetails/2724-Pruneridge-Ave-Santa-Clara-CA-95051/122247069_zpid/
[ERROR]: failed to open downloaded file: http://www.zillow.com/homedetails/3310-Cabrillo-Ave-Santa-Clara-CA-95051/2101634503_zpid/
[ERROR]: failed to open downloaded file: http://www.zillow.com/homedetails/1910-Magdalena-Cir-APT-93-Santa-Clara-CA-95051/19550765_zpid/
[ERROR]: failed to open downloaded file: http://www.zillow.com/homedetails/2116-Del-Monte-Ave-Santa-Clara-CA-95051/19554398_zpid/
$VAR1 = {
          '\\/homes\\/\\d+_rb' => [
                                    '\\/homes\\/\\d+_rb',
                                    '\\/homedetails'
                                  ]
        };
[ERROR]: failed to open downloaded file: http://www.zillow.com/homedetails/3003-Kaiser-Drive-B-B-Santa-Clara-CA-95051/2101537838_zpid/
[ERROR]: failed to open downloaded file: http://www.zillow.com/homedetails/2122-Rockhurst-Ct-Santa-Clara-CA-95051/19554470_zpid/
[ERROR]: failed to open downloaded file: http://www.zillow.com/homedetails/3716-Poinciana-Dr-Santa-Clara-CA-95051/82959173_zpid/
[ERROR]: failed to open downloaded file: http://www.zillow.com/homedetails/2671-Rebeiro-Ave-Santa-Clara-CA-95051/19599978_zpid/
[ERROR]: failed to open downloaded file: http://www.zillow.com/homedetails/3020-Miles-Dr-Santa-Clara-CA-95051/2101666956_zpid/
[ERROR]: failed to open downloaded file: http://www.zillow.com/homedetails/1400-Bowe-Ave-APT-1606-Santa-Clara-CA-95051/19597449_zpid/
[ERROR]: failed to open downloaded file: http://www.zillow.com/homedetails/3033-Kaiser-Dr-UNIT-E-Santa-Clara-CA-95051/19596948_zpid/
[ERROR]: failed to open downloaded file: http://www.zillow.com/homedetails/920-Wren-Ave-Santa-Clara-CA-95051/19617197_zpid/
$VAR1 = {
          '\\/homes\\/\\d+_rb' => [
                                    '\\/homes\\/\\d+_rb',
                                    '\\/homedetails'
                                  ]
        };
[ERROR]: failed to open downloaded file: http://www.zillow.com/homedetails/Kaiser-Dr-Santa-Clara-CA-95051/2101552084_zpid/
[ERROR]: failed to open downloaded file: http://www.zillow.com/homedetails/2071-Kimberlin-Pl-Santa-Clara-CA-95051/19554073_zpid/
[ERROR]: failed to open downloaded file: http://www.zillow.com/homedetails/3310-Lochinvar-Ave-APT-60-Santa-Clara-CA-95051/59683160_zpid/
[ERROR]: failed to open downloaded file: http://www.zillow.com/homedetails/150-Saratoga-Ave-UNIT-360-Santa-Clara-CA-95051/19601089_zpid/
[ERROR]: failed to open downloaded file: http://www.zillow.com/homedetails/2866-Butte-St-Santa-Clara-CA-95051/19594088_zpid/
[ERROR]: failed to open downloaded file: http://www.zillow.com/homedetails/3720-Miramesa-Ct-APT-114-Santa-Clara-CA-95051/19551262_zpid/
[ERROR]: failed to open downloaded file: http://www.zillow.com/homedetails/2522-Borax-Dr-Santa-Clara-CA-95051/19552894_zpid/
$VAR1 = {
          '\\/homes\\/\\d+_rb' => [
                                    '\\/homes\\/\\d+_rb',
                                    '\\/homedetails'
                                  ]
        };
[ERROR]: failed to open downloaded file: http://www.zillow.com/homedetails/2431-S-Park-Ln-Santa-Clara-CA-95051/19553290_zpid/
[ERROR]: failed to open downloaded file: http://www.zillow.com/homedetails/151-Buckingham-Dr-UNIT-218-Santa-Clara-CA-95051/19601203_zpid/
[ERROR]: failed to open downloaded file: http://www.zillow.com/homedetails/2440-Benton-St-Santa-Clara-CA-95051/19595620_zpid/
[ERROR]: failed to open downloaded file: http://www.zillow.com/homedetails/661-Harvard-Ave-Santa-Clara-CA-95051/2101660626_zpid/
[ERROR]: failed to open downloaded file: http://www.zillow.com/homedetails/1882-Shamrock-Ave-Santa-Clara-CA-95051/19551927_zpid/
[ERROR]: failed to open downloaded file: http://www.zillow.com/homedetails/150-Saratoga-Ave-UNIT-352-Santa-Clara-CA-95051/19601081_zpid/
[ERROR]: failed to open downloaded file: http://www.zillow.com/homedetails/3003-Kaiser-Dr-UNIT-B-Santa-Clara-CA-95051/19597054_zpid/
$VAR1 = {
          '\\/homes\\/\\d+_rb' => [
                                    '\\/homes\\/\\d+_rb',
                                    '\\/homedetails'
                                  ]
        };
[ERROR]: failed to open downloaded file: http://www.zillow.com/homedetails/2529-Moraine-Dr-Santa-Clara-CA-95051/19552675_zpid/
[ERROR]: failed to open downloaded file: http://www.zillow.com/homedetails/661-Harvard-Ave-Santa-Clara-CA-95051/2101660626_zpid/
[ERROR]: failed to open downloaded file: http://www.zillow.com/homedetails/2440-Benton-St-Santa-Clara-CA-95051/19595620_zpid/
[ERROR]: failed to open downloaded file: http://www.zillow.com/homedetails/3310-Lochinvar-Ave-APT-60-Santa-Clara-CA-95051/59683160_zpid/
[ERROR]: failed to open downloaded file: http://www.zillow.com/homedetails/2917-Taper-Ave-Santa-Clara-CA-95051/19555838_zpid/
[ERROR]: failed to open downloaded file: http://www.zillow.com/homedetails/2866-Butte-St-Santa-Clara-CA-95051/19594088_zpid/
[ERROR]: failed to open downloaded file: http://www.zillow.com/homedetails/150-Saratoga-Ave-UNIT-360-Santa-Clara-CA-95051/19601089_zpid/
[ERROR]: failed to open downloaded file: http://www.zillow.com/homedetails/3720-Miramesa-Ct-APT-114-Santa-Clara-CA-95051/19551262_zpid/
[ERROR]: failed to open downloaded file: http://www.zillow.com/homedetails/3007-Kaiser-Dr-UNIT-A-Santa-Clara-CA-95051/19597034_zpid/
[ERROR]: failed to open downloaded file: http://www.zillow.com/homedetails/2671-Rebeiro-Ave-Santa-Clara-CA-95051/19599978_zpid/
[ERROR]: failed to open downloaded file: http://www.zillow.com/homedetails/3020-Miles-Dr-Santa-Clara-CA-95051/2101666956_zpid/
[ERROR]: failed to open downloaded file: http://www.zillow.com/homedetails/1745-Bowers-Ave-Santa-Clara-CA-95051/19551697_zpid/
[ERROR]: failed to open downloaded file: http://www.zillow.com/homedetails/3375-Victoria-Ave-Santa-Clara-CA-95051/19554169_zpid/
[ERROR]: failed to open downloaded file: http://www.zillow.com/homedetails/2550-Castello-Way-Santa-Clara-CA-95051/19553136_zpid/
[ERROR]: failed to open downloaded file: http://www.zillow.com/homedetails/2071-Kimberlin-Pl-Santa-Clara-CA-95051/19554073_zpid/
$VAR1 = {
          '\\/homes\\/\\d+_rb' => [
                                    '\\/homes\\/\\d+_rb',
                                    '\\/homedetails'
                                  ]
        };
[ERROR]: failed to open downloaded file: http://www.zillow.com/homedetails/2063-Xavier-Ct-Santa-Clara-CA-95051/19554460_zpid/
[ERROR]: failed to open downloaded file: http://www.zillow.com/homedetails/3033-Kaiser-Dr-UNIT-E-Santa-Clara-CA-95051/19596948_zpid/
[ERROR]: failed to open downloaded file: http://www.zillow.com/homedetails/1400-Bowe-Ave-APT-1606-Santa-Clara-CA-95051/19597449_zpid/
[ERROR]: failed to open downloaded file: http://www.zillow.com/homedetails/2785-Mauricia-Ave-A-Santa-Clara-CA-95051/19600515_zpid/
[ERROR]: failed to open downloaded file: http://www.zillow.com/homedetails/2830-Mark-Ave-Santa-Clara-CA-95051/19555812_zpid/
[ERROR]: failed to open downloaded file: http://www.zillow.com/homedetails/Kaiser-Dr-Santa-Clara-CA-95051/2101552084_zpid/
[ERROR]: failed to open downloaded file: http://www.zillow.com/homedetails/2670-Kentworth-Way-Santa-Clara-CA-95051/19553505_zpid/
[ERROR]: failed to open downloaded file: http://www.zillow.com/homedetails/920-Wren-Ave-Santa-Clara-CA-95051/19617197_zpid/
[ERROR]: failed to open downloaded file: http://www.zillow.com/homedetails/770-Cornell-Dr-Santa-Clara-CA-95051/19597998_zpid/
[ERROR]: failed to open downloaded file: http://www.zillow.com/homedetails/2724-Pruneridge-Ave-Santa-Clara-CA-95051/122247069_zpid/
[ERROR]: failed to open downloaded file: http://www.zillow.com/homedetails/1720-Halford-Ave-APT-127-Santa-Clara-CA-95051/19551028_zpid/
[ERROR]: failed to open downloaded file: http://www.zillow.com/homedetails/2553-Gallup-Dr-Santa-Clara-CA-95051/19553234_zpid/
[ERROR]: failed to open downloaded file: http://www.zillow.com/homedetails/2563-Gallup-Dr-Santa-Clara-CA-95051/19553235_zpid/
[ERROR]: failed to open downloaded file: http://www.zillow.com/homedetails/2601-Cortez-Dr-OFC-4201-Santa-Clara-CA-95051/79844383_zpid/
[ERROR]: failed to open downloaded file: http://www.zillow.com/homedetails/651-Hubbard-Ave-Santa-Clara-CA-95051/19618373_zpid/
[ERROR]: failed to open downloaded file: http://www.zillow.com/homedetails/2909-Barkley-Ave-Santa-Clara-CA-95051/19555822_zpid/
$VAR1 = {
          '\\/homes\\/\\d+_rb' => [
                                    '\\/homes\\/\\d+_rb',
                                    '\\/homedetails'
                                  ]
        };
[ERROR]: failed to open downloaded file: http://www.zillow.com/homedetails/El-Camino-Real-Santa-Clara-CA-95051/82956956_zpid/
[ERROR]: failed to open downloaded file: http://www.zillow.com/homedetails/479-Norwood-Cir-Santa-Clara-CA-95051/79841767_zpid/
[ERROR]: failed to open downloaded file: http://www.zillow.com/homedetails/2580-Homestead-Rd-Santa-Clara-CA-95051/2109601416_zpid/
[ERROR]: failed to open downloaded file: http://www.zillow.com/homedetails/1750-Halford-Ave-APT-104-Santa-Clara-CA-95051/19550983_zpid/
[ERROR]: failed to open downloaded file: http://www.zillow.com/homedetails/3736-Poinciana-Dr-Santa-Clara-CA-95051/82963946_zpid/
[ERROR]: failed to open downloaded file: http://www.zillow.com/homedetails/1910-Magdalena-Cir-APT-93-Santa-Clara-CA-95051/19550765_zpid/
[ERROR]: failed to open downloaded file: http://www.zillow.com/homedetails/3310-Cabrillo-Ave-Santa-Clara-CA-95051/2101634503_zpid/
[ERROR]: failed to open downloaded file: http://www.zillow.com/homedetails/895-Quince-Ave-UNIT-15-Santa-Clara-CA-95051/19596133_zpid/
[ERROR]: failed to open downloaded file: http://www.zillow.com/homedetails/2168-Francis-Ave-Santa-Clara-CA-95051/19555356_zpid/
[ERROR]: failed to open downloaded file: http://www.zillow.com/homedetails/1146-Pomeroy-Ave-Santa-Clara-CA-95051/19596456_zpid/
[ERROR]: failed to open downloaded file: http://www.zillow.com/homedetails/1882-Shamrock-Ave-Santa-Clara-CA-95051/19551927_zpid/
[ERROR]: failed to open downloaded file: http://www.zillow.com/homedetails/3003-Kaiser-Drive-B-B-Santa-Clara-CA-95051/2101537838_zpid/
[ERROR]: failed to open downloaded file: http://www.zillow.com/homedetails/714-Nicholson-Ave-Santa-Clara-CA-95051/19599890_zpid/
[ERROR]: failed to open downloaded file: http://www.zillow.com/homedetails/2605-Taft-Ave-Santa-Clara-CA-95051/19600117_zpid/
[ERROR]: failed to open downloaded file: http://www.zillow.com/homedetails/1841-Nobili-Ave-Santa-Clara-CA-95051/19554174_zpid/
[ERROR]: failed to open downloaded file: http://www.zillow.com/homedetails/151-Buckingham-Dr-UNIT-218-Santa-Clara-CA-95051/19601203_zpid/
$VAR1 = {
          '\\/homes\\/\\d+_rb' => [
                                    '\\/homes\\/\\d+_rb',
                                    '\\/homedetails'
                                  ]
        };
[ERROR]: failed to open downloaded file: http://www.zillow.com/homedetails/121-Buckingham-Dr-UNIT-25-Santa-Clara-CA-95051/19601153_zpid/
[ERROR]: failed to open downloaded file: http://www.zillow.com/homedetails/Wood-Duck-Ave-Santa-Clara-CA-95051/2101651194_zpid/
[ERROR]: failed to open downloaded file: http://www.zillow.com/homedetails/2522-Borax-Dr-Santa-Clara-CA-95051/19552894_zpid/
[ERROR]: failed to open downloaded file: http://www.zillow.com/homedetails/2239-Brown-Ave-Santa-Clara-CA-95051/19555422_zpid/
[ERROR]: failed to open downloaded file: http://www.zillow.com/homedetails/2116-Del-Monte-Ave-Santa-Clara-CA-95051/19554398_zpid/
[ERROR]: failed to open downloaded file: http://www.zillow.com/homedetails/150-Saratoga-Ave-UNIT-352-Santa-Clara-CA-95051/19601081_zpid/
[ERROR]: failed to open downloaded file: http://www.zillow.com/homedetails/575-Barto-St-Santa-Clara-CA-95051/19598439_zpid/
[ERROR]: failed to open downloaded file: http://www.zillow.com/homedetails/3003-Kaiser-Dr-UNIT-B-Santa-Clara-CA-95051/19597054_zpid/
[ERROR]: failed to open downloaded file: http://www.zillow.com/homedetails/3126-Mckinley-Dr-Santa-Clara-CA-95051/2101928054_zpid/
[ERROR]: failed to open downloaded file: http://www.zillow.com/homedetails/2122-Rockhurst-Ct-Santa-Clara-CA-95051/19554470_zpid/
[ERROR]: failed to open downloaded file: http://www.zillow.com/homedetails/2431-S-Park-Ln-Santa-Clara-CA-95051/19553290_zpid/
[ERROR]: failed to open downloaded file: http://www.zillow.com/homedetails/2580-Homestead-Rd-APT-4203-Santa-Clara-CA-95051/79847776_zpid/
[ERROR]: failed to open downloaded file: http://www.zillow.com/homedetails/2167-Santa-Cruz-Ave-Santa-Clara-CA-95051/19555289_zpid/
[ERROR]: failed to open downloaded file: http://www.zillow.com/homedetails/2171-San-Antonio-Pl-Santa-Clara-CA-95051/19555155_zpid/
[ERROR]: failed to open downloaded file: http://www.zillow.com/homedetails/2868-Homestead-Rd-APT-4-Santa-Clara-CA-95051/2101625609_zpid/
[ERROR]: failed to open downloaded file: http://www.zillow.com/homedetails/3716-Poinciana-Dr-Santa-Clara-CA-95051/82959173_zpid/
$VAR1 = {
          '\\/homes\\/\\d+_rb' => [
                                    '\\/homes\\/\\d+_rb',
                                    '\\/homedetails'
                                  ]
        };
[ERROR]: failed to open downloaded file: http://www.zillow.com/homedetails/2830-Mark-Ave-Santa-Clara-CA-95051/19555812_zpid/
[ERROR]: failed to open downloaded file: http://www.zillow.com/homedetails/2063-Xavier-Ct-Santa-Clara-CA-95051/19554460_zpid/
[ERROR]: failed to open downloaded file: http://www.zillow.com/homedetails/3033-Kaiser-Dr-UNIT-E-Santa-Clara-CA-95051/19596948_zpid/
[ERROR]: failed to open downloaded file: http://www.zillow.com/homedetails/2785-Mauricia-Ave-A-Santa-Clara-CA-95051/19600515_zpid/
[ERROR]: failed to open downloaded file: http://www.zillow.com/homedetails/1400-Bowe-Ave-APT-1606-Santa-Clara-CA-95051/19597449_zpid/
[ERROR]: failed to open downloaded file: http://www.zillow.com/homedetails/3716-Poinciana-Dr-Santa-Clara-CA-95051/82959173_zpid/
[ERROR]: failed to open downloaded file: http://www.zillow.com/homedetails/936-Kiely-Blvd-UNIT-B-Santa-Clara-CA-95051/19596832_zpid/
[ERROR]: failed to open downloaded file: http://www.zillow.com/homedetails/3041-Kaiser-Dr-X-Santa-Clara-CA-95051/2101596986_zpid/
[ERROR]: failed to open downloaded file: http://www.zillow.com/homedetails/1473-Merrill-Pl-Santa-Clara-CA-95051/64799459_zpid/
[ERROR]: failed to open downloaded file: http://www.zillow.com/homedetails/121-Buckingham-Dr-UNIT-25-Santa-Clara-CA-95051/19601153_zpid/
[ERROR]: failed to open downloaded file: http://www.zillow.com/homedetails/Wood-Duck-Ave-Santa-Clara-CA-95051/2101651194_zpid/
[ERROR]: failed to open downloaded file: http://www.zillow.com/homedetails/2522-Borax-Dr-Santa-Clara-CA-95051/19552894_zpid/
[ERROR]: failed to open downloaded file: http://www.zillow.com/homedetails/783-Cornell-Dr-Santa-Clara-CA-95051/19598075_zpid/
[ERROR]: failed to open downloaded file: http://www.zillow.com/homedetails/1732-Nobili-Ave-Santa-Clara-CA-95051/19553873_zpid/
[ERROR]: failed to open downloaded file: http://www.zillow.com/homedetails/2508-Borax-Dr-Santa-Clara-CA-95051/19552897_zpid/
[ERROR]: failed to open downloaded file: http://www.zillow.com/homedetails/2239-Brown-Ave-Santa-Clara-CA-95051/19555422_zpid/
$VAR1 = {
          '\\/homes\\/\\d+_rb' => [
                                    '\\/homes\\/\\d+_rb',
                                    '\\/homedetails'
                                  ]
        };
[ERROR]: failed to open downloaded file: http://www.zillow.com/homedetails/3375-Victoria-Ave-Santa-Clara-CA-95051/19554169_zpid/
[ERROR]: failed to open downloaded file: http://www.zillow.com/homedetails/1745-Bowers-Ave-Santa-Clara-CA-95051/19551697_zpid/
[ERROR]: failed to open downloaded file: http://www.zillow.com/homedetails/2550-Castello-Way-Santa-Clara-CA-95051/19553136_zpid/
[ERROR]: failed to open downloaded file: http://www.zillow.com/homedetails/2671-Rebeiro-Ave-Santa-Clara-CA-95051/19599978_zpid/
[ERROR]: failed to open downloaded file: http://www.zillow.com/homedetails/3020-Miles-Dr-Santa-Clara-CA-95051/2101666956_zpid/
[ERROR]: failed to open downloaded file: http://www.zillow.com/homedetails/2553-Gallup-Dr-Santa-Clara-CA-95051/19553234_zpid/
[ERROR]: failed to open downloaded file: http://www.zillow.com/homedetails/1720-Halford-Ave-APT-127-Santa-Clara-CA-95051/19551028_zpid/
[ERROR]: failed to open downloaded file: http://www.zillow.com/homedetails/2724-Pruneridge-Ave-Santa-Clara-CA-95051/122247069_zpid/
[ERROR]: failed to open downloaded file: http://www.zillow.com/homedetails/770-Cornell-Dr-Santa-Clara-CA-95051/19597998_zpid/
[ERROR]: failed to open downloaded file: http://www.zillow.com/homedetails/2909-Barkley-Ave-Santa-Clara-CA-95051/19555822_zpid/
[ERROR]: failed to open downloaded file: http://www.zillow.com/homedetails/651-Hubbard-Ave-Santa-Clara-CA-95051/19618373_zpid/
[ERROR]: failed to open downloaded file: http://www.zillow.com/homedetails/2563-Gallup-Dr-Santa-Clara-CA-95051/19553235_zpid/
[ERROR]: failed to open downloaded file: http://www.zillow.com/homedetails/2601-Cortez-Dr-OFC-4201-Santa-Clara-CA-95051/79844383_zpid/
[ERROR]: failed to open downloaded file: http://www.zillow.com/homedetails/2580-Homestead-Rd-Santa-Clara-CA-95051/2109601416_zpid/
[ERROR]: failed to open downloaded file: http://www.zillow.com/homedetails/3736-Poinciana-Dr-Santa-Clara-CA-95051/82963946_zpid/
[ERROR]: failed to open downloaded file: http://www.zillow.com/homedetails/1750-Halford-Ave-APT-104-Santa-Clara-CA-95051/19550983_zpid/
[ERROR]: failed to open downloaded file: http://www.zillow.com/homedetails/479-Norwood-Cir-Santa-Clara-CA-95051/79841767_zpid/
[ERROR]: failed to open downloaded file: http://www.zillow.com/homedetails/El-Camino-Real-Santa-Clara-CA-95051/82956956_zpid/
$VAR1 = {
          '\\/homes\\/\\d+_rb' => [
                                    '\\/homes\\/\\d+_rb',
                                    '\\/homedetails'
                                  ]
        };
[ERROR]: failed to open downloaded file: http://www.zillow.com/homedetails/895-Quince-Ave-UNIT-15-Santa-Clara-CA-95051/19596133_zpid/
[ERROR]: failed to open downloaded file: http://www.zillow.com/homedetails/2168-Francis-Ave-Santa-Clara-CA-95051/19555356_zpid/
[ERROR]: failed to open downloaded file: http://www.zillow.com/homedetails/1910-Magdalena-Cir-APT-93-Santa-Clara-CA-95051/19550765_zpid/
[ERROR]: failed to open downloaded file: http://www.zillow.com/homedetails/3310-Cabrillo-Ave-Santa-Clara-CA-95051/2101634503_zpid/
[ERROR]: failed to open downloaded file: http://www.zillow.com/homedetails/2122-Rockhurst-Ct-Santa-Clara-CA-95051/19554470_zpid/
[ERROR]: failed to open downloaded file: http://www.zillow.com/homedetails/3126-Mckinley-Dr-Santa-Clara-CA-95051/2101928054_zpid/
[ERROR]: failed to open downloaded file: http://www.zillow.com/homedetails/3003-Kaiser-Dr-UNIT-B-Santa-Clara-CA-95051/19597054_zpid/
[ERROR]: failed to open downloaded file: http://www.zillow.com/homedetails/150-Saratoga-Ave-UNIT-352-Santa-Clara-CA-95051/19601081_zpid/
[ERROR]: failed to open downloaded file: http://www.zillow.com/homedetails/575-Barto-St-Santa-Clara-CA-95051/19598439_zpid/
[ERROR]: failed to open downloaded file: http://www.zillow.com/homedetails/2167-Santa-Cruz-Ave-Santa-Clara-CA-95051/19555289_zpid/
[ERROR]: failed to open downloaded file: http://www.zillow.com/homedetails/2580-Homestead-Rd-APT-4203-Santa-Clara-CA-95051/79847776_zpid/
[ERROR]: failed to open downloaded file: http://www.zillow.com/homedetails/2431-S-Park-Ln-Santa-Clara-CA-95051/19553290_zpid/
[ERROR]: failed to open downloaded file: http://www.zillow.com/homedetails/2868-Homestead-Rd-APT-4-Santa-Clara-CA-95051/2101625609_zpid/
[ERROR]: failed to open downloaded file: http://www.zillow.com/homedetails/2566-Estella-Dr-Santa-Clara-CA-95051/19600654_zpid/
[ERROR]: failed to open downloaded file: http://www.zillow.com/homedetails/2171-San-Antonio-Pl-Santa-Clara-CA-95051/19555155_zpid/
[ERROR]: failed to open downloaded file: http://www.zillow.com/homedetails/920-Wren-Ave-Santa-Clara-CA-95051/19617197_zpid/
[ERROR]: failed to open downloaded file: http://www.zillow.com/homedetails/Kaiser-Dr-Santa-Clara-CA-95051/2101552084_zpid/
[ERROR]: failed to open downloaded file: http://www.zillow.com/homedetails/2670-Kentworth-Way-Santa-Clara-CA-95051/19553505_zpid/
$VAR1 = {
          '\\/homes\\/\\d+_rb' => [
                                    '\\/homes\\/\\d+_rb',
                                    '\\/homedetails'
                                  ]
        };
[ERROR]: failed to open downloaded file: http://www.zillow.com/homedetails/714-Nicholson-Ave-Santa-Clara-CA-95051/19599890_zpid/
[ERROR]: failed to open downloaded file: http://www.zillow.com/homedetails/3003-Kaiser-Drive-B-B-Santa-Clara-CA-95051/2101537838_zpid/
[ERROR]: failed to open downloaded file: http://www.zillow.com/homedetails/1146-Pomeroy-Ave-Santa-Clara-CA-95051/19596456_zpid/
[ERROR]: failed to open downloaded file: http://www.zillow.com/homedetails/1882-Shamrock-Ave-Santa-Clara-CA-95051/19551927_zpid/
[ERROR]: failed to open downloaded file: http://www.zillow.com/homedetails/661-Harvard-Ave-Santa-Clara-CA-95051/2101660626_zpid/
[ERROR]: failed to open downloaded file: http://www.zillow.com/homedetails/2440-Benton-St-Santa-Clara-CA-95051/19595620_zpid/
[ERROR]: failed to open downloaded file: http://www.zillow.com/homedetails/151-Buckingham-Dr-UNIT-218-Santa-Clara-CA-95051/19601203_zpid/
[ERROR]: failed to open downloaded file: http://www.zillow.com/homedetails/1841-Nobili-Ave-Santa-Clara-CA-95051/19554174_zpid/
[ERROR]: failed to open downloaded file: http://www.zillow.com/homedetails/2529-Moraine-Dr-Santa-Clara-CA-95051/19552675_zpid/
[ERROR]: failed to open downloaded file: http://www.zillow.com/homedetails/2605-Taft-Ave-Santa-Clara-CA-95051/19600117_zpid/
[ERROR]: failed to open downloaded file: http://www.zillow.com/homedetails/3720-Miramesa-Ct-APT-114-Santa-Clara-CA-95051/19551262_zpid/
[ERROR]: failed to open downloaded file: http://www.zillow.com/homedetails/3007-Kaiser-Dr-UNIT-A-Santa-Clara-CA-95051/19597034_zpid/
[ERROR]: failed to open downloaded file: http://www.zillow.com/homedetails/2866-Butte-St-Santa-Clara-CA-95051/19594088_zpid/
[ERROR]: failed to open downloaded file: http://www.zillow.com/homedetails/150-Saratoga-Ave-UNIT-360-Santa-Clara-CA-95051/19601089_zpid/
[ERROR]: failed to open downloaded file: http://www.zillow.com/homedetails/3310-Lochinvar-Ave-APT-60-Santa-Clara-CA-95051/59683160_zpid/
[ERROR]: failed to open downloaded file: http://www.zillow.com/homedetails/2917-Taper-Ave-Santa-Clara-CA-95051/19555838_zpid/
[ERROR]: failed to open downloaded file: http://www.zillow.com/homedetails/2071-Kimberlin-Pl-Santa-Clara-CA-95051/19554073_zpid/
[ERROR]: failed to open downloaded file: http://www.zillow.com/homedetails/Warburton-Ave-Santa-Clara-CA-95051/2101598419_zpid/
$VAR1 = {
          '\\/homes\\/\\d+_rb' => [
                                    '\\/homes\\/\\d+_rb',
                                    '\\/homedetails'
                                  ]
        };
[ERROR]: failed to open downloaded file: http://www.zillow.com/homedetails/3020-Miles-Dr-Santa-Clara-CA-95051/2101666956_zpid/
[ERROR]: failed to open downloaded file: http://www.zillow.com/homedetails/479-Norwood-Cir-Santa-Clara-CA-95051/79841767_zpid/
[ERROR]: failed to open downloaded file: http://www.zillow.com/homedetails/2830-Mark-Ave-Santa-Clara-CA-95051/19555812_zpid/
[ERROR]: failed to open downloaded file: http://www.zillow.com/homedetails/895-Quince-Ave-UNIT-15-Santa-Clara-CA-95051/19596133_zpid/
[ERROR]: failed to open downloaded file: http://www.zillow.com/homedetails/2431-S-Park-Ln-Santa-Clara-CA-95051/19553290_zpid/
[ERROR]: failed to open downloaded file: http://www.zillow.com/homedetails/2553-Gallup-Dr-Santa-Clara-CA-95051/19553234_zpid/
[ERROR]: failed to open downloaded file: http://www.zillow.com/homedetails/Wood-Duck-Ave-Santa-Clara-CA-95051/2101651194_zpid/
[ERROR]: failed to open downloaded file: http://www.zillow.com/homedetails/2167-Santa-Cruz-Ave-Santa-Clara-CA-95051/19555289_zpid/
[ERROR]: failed to open downloaded file: http://www.zillow.com/homedetails/2563-Gallup-Dr-Santa-Clara-CA-95051/19553235_zpid/
[ERROR]: failed to open downloaded file: http://www.zillow.com/homedetails/2909-Barkley-Ave-Santa-Clara-CA-95051/19555822_zpid/
[ERROR]: failed to open downloaded file: http://www.zillow.com/homedetails/3007-Kaiser-Dr-UNIT-A-Santa-Clara-CA-95051/19597034_zpid/
[ERROR]: failed to open downloaded file: http://www.zillow.com/homedetails/2580-Homestead-Rd-APT-4203-Santa-Clara-CA-95051/79847776_zpid/
[ERROR]: failed to open downloaded file: http://www.zillow.com/homedetails/714-Nicholson-Ave-Santa-Clara-CA-95051/19599890_zpid/
[ERROR]: failed to open downloaded file: http://www.zillow.com/homedetails/3003-Kaiser-Dr-UNIT-B-Santa-Clara-CA-95051/19597054_zpid/
[ERROR]: failed to open downloaded file: http://www.zillow.com/homedetails/575-Barto-St-Santa-Clara-CA-95051/19598439_zpid/
[ERROR]: failed to open downloaded file: http://www.zillow.com/homedetails/2440-Benton-St-Santa-Clara-CA-95051/19595620_zpid/
[ERROR]: failed to open downloaded file: http://www.zillow.com/homedetails/150-Saratoga-Ave-UNIT-352-Santa-Clara-CA-95051/19601081_zpid/
[ERROR]: failed to open downloaded file: http://www.zillow.com/homedetails/2671-Rebeiro-Ave-Santa-Clara-CA-95051/19599978_zpid/
$VAR1 = {
          '\\/homes\\/\\d+_rb' => [
                                    '\\/homes\\/\\d+_rb',
                                    '\\/homedetails'
                                  ]
        };
[ERROR]: failed to open downloaded file: http://www.zillow.com/homedetails/1146-Pomeroy-Ave-Santa-Clara-CA-95051/19596456_zpid/
[ERROR]: failed to open downloaded file: http://www.zillow.com/homedetails/Kaiser-Dr-Santa-Clara-CA-95051/2101552084_zpid/
[ERROR]: failed to open downloaded file: http://www.zillow.com/homedetails/783-Cornell-Dr-Santa-Clara-CA-95051/19598075_zpid/
[ERROR]: failed to open downloaded file: http://www.zillow.com/homedetails/2508-Borax-Dr-Santa-Clara-CA-95051/19552897_zpid/
[ERROR]: failed to open downloaded file: http://www.zillow.com/homedetails/1473-Merrill-Pl-Santa-Clara-CA-95051/64799459_zpid/
[ERROR]: failed to open downloaded file: http://www.zillow.com/homedetails/3003-Kaiser-Drive-B-B-Santa-Clara-CA-95051/2101537838_zpid/
[ERROR]: failed to open downloaded file: http://www.zillow.com/homedetails/3720-Miramesa-Ct-APT-114-Santa-Clara-CA-95051/19551262_zpid/
[ERROR]: failed to open downloaded file: http://www.zillow.com/homedetails/936-Kiely-Blvd-UNIT-B-Santa-Clara-CA-95051/19596832_zpid/
[ERROR]: failed to open downloaded file: http://www.zillow.com/homedetails/El-Camino-Real-Santa-Clara-CA-95051/82956956_zpid/
[ERROR]: failed to open downloaded file: http://www.zillow.com/homedetails/150-Saratoga-Ave-UNIT-360-Santa-Clara-CA-95051/19601089_zpid/
[ERROR]: failed to open downloaded file: http://www.zillow.com/homedetails/1750-Halford-Ave-APT-104-Santa-Clara-CA-95051/19550983_zpid/
[ERROR]: failed to open downloaded file: http://www.zillow.com/homedetails/2601-Cortez-Dr-OFC-4201-Santa-Clara-CA-95051/79844383_zpid/
[ERROR]: failed to open downloaded file: http://www.zillow.com/homedetails/3126-Mckinley-Dr-Santa-Clara-CA-95051/2101928054_zpid/
[ERROR]: failed to open downloaded file: http://www.zillow.com/homedetails/3310-Cabrillo-Ave-Santa-Clara-CA-95051/2101634503_zpid/
[ERROR]: failed to open downloaded file: http://www.zillow.com/homedetails/2868-Homestead-Rd-APT-4-Santa-Clara-CA-95051/2101625609_zpid/
[ERROR]: failed to open downloaded file: http://www.zillow.com/homedetails/2529-Moraine-Dr-Santa-Clara-CA-95051/19552675_zpid/
[ERROR]: failed to open downloaded file: http://www.zillow.com/homedetails/1400-Bowe-Ave-APT-1606-Santa-Clara-CA-95051/19597449_zpid/
[ERROR]: failed to open downloaded file: http://www.zillow.com/homedetails/2580-Homestead-Rd-Santa-Clara-CA-95051/2109601416_zpid/
$VAR1 = {
          '\\/homes\\/\\d+_rb' => [
                                    '\\/homes\\/\\d+_rb',
                                    '\\/homedetails'
                                  ]
        };
[ERROR]: failed to open downloaded file: http://www.zillow.com/homedetails/920-Wren-Ave-Santa-Clara-CA-95051/19617197_zpid/
[ERROR]: failed to open downloaded file: http://www.zillow.com/homedetails/661-Harvard-Ave-Santa-Clara-CA-95051/2101660626_zpid/
[ERROR]: failed to open downloaded file: http://www.zillow.com/homedetails/2071-Kimberlin-Pl-Santa-Clara-CA-95051/19554073_zpid/
[ERROR]: failed to open downloaded file: http://www.zillow.com/homedetails/2605-Taft-Ave-Santa-Clara-CA-95051/19600117_zpid/
[ERROR]: failed to open downloaded file: http://www.zillow.com/homedetails/2566-Estella-Dr-Santa-Clara-CA-95051/19600654_zpid/
[ERROR]: failed to open downloaded file: http://www.zillow.com/homedetails/770-Cornell-Dr-Santa-Clara-CA-95051/19597998_zpid/
[ERROR]: failed to open downloaded file: http://www.zillow.com/homedetails/2724-Pruneridge-Ave-Santa-Clara-CA-95051/122247069_zpid/
[ERROR]: failed to open downloaded file: http://www.zillow.com/homedetails/2866-Butte-St-Santa-Clara-CA-95051/19594088_zpid/
[ERROR]: failed to open downloaded file: http://www.zillow.com/homedetails/1745-Bowers-Ave-Santa-Clara-CA-95051/19551697_zpid/
[ERROR]: failed to open downloaded file: http://www.zillow.com/homedetails/Warburton-Ave-Santa-Clara-CA-95051/2101598419_zpid/
[ERROR]: failed to open downloaded file: http://www.zillow.com/homedetails/121-Buckingham-Dr-UNIT-25-Santa-Clara-CA-95051/19601153_zpid/
[ERROR]: failed to open downloaded file: http://www.zillow.com/homedetails/2550-Castello-Way-Santa-Clara-CA-95051/19553136_zpid/
[ERROR]: failed to open downloaded file: http://www.zillow.com/homedetails/2670-Kentworth-Way-Santa-Clara-CA-95051/19553505_zpid/
[ERROR]: failed to open downloaded file: http://www.zillow.com/homedetails/3160-Homestead-Rd-Santa-Clara-CA-95051/2101624445_zpid/
[ERROR]: failed to open downloaded file: http://www.zillow.com/homedetails/2522-Borax-Dr-Santa-Clara-CA-95051/19552894_zpid/
[ERROR]: failed to open downloaded file: http://www.zillow.com/homedetails/3736-Poinciana-Dr-Santa-Clara-CA-95051/82963946_zpid/
[ERROR]: failed to open downloaded file: http://www.zillow.com/homedetails/2168-Francis-Ave-Santa-Clara-CA-95051/19555356_zpid/
[ERROR]: failed to open downloaded file: http://www.zillow.com/homedetails/2063-Xavier-Ct-Santa-Clara-CA-95051/19554460_zpid/
$VAR1 = {
          '\\/homes\\/\\d+_rb' => [
                                    '\\/homes\\/\\d+_rb',
                                    '\\/homedetails'
                                  ]
        };
[ERROR]: failed to open downloaded file: http://www.zillow.com/homedetails/151-Buckingham-Dr-UNIT-218-Santa-Clara-CA-95051/19601203_zpid/
[ERROR]: failed to open downloaded file: http://www.zillow.com/homedetails/2917-Taper-Ave-Santa-Clara-CA-95051/19555838_zpid/
[ERROR]: failed to open downloaded file: http://www.zillow.com/homedetails/2239-Brown-Ave-Santa-Clara-CA-95051/19555422_zpid/
[ERROR]: failed to open downloaded file: http://www.zillow.com/homedetails/1732-Nobili-Ave-Santa-Clara-CA-95051/19553873_zpid/
[ERROR]: failed to open downloaded file: http://www.zillow.com/homedetails/2122-Rockhurst-Ct-Santa-Clara-CA-95051/19554470_zpid/
[ERROR]: failed to open downloaded file: http://www.zillow.com/homedetails/3033-Kaiser-Dr-UNIT-E-Santa-Clara-CA-95051/19596948_zpid/
[ERROR]: failed to open downloaded file: http://www.zillow.com/homedetails/1882-Shamrock-Ave-Santa-Clara-CA-95051/19551927_zpid/
[ERROR]: failed to open downloaded file: http://www.zillow.com/homedetails/3310-Lochinvar-Ave-APT-60-Santa-Clara-CA-95051/59683160_zpid/
[ERROR]: failed to open downloaded file: http://www.zillow.com/homedetails/1720-Halford-Ave-APT-127-Santa-Clara-CA-95051/19551028_zpid/
[ERROR]: failed to open downloaded file: http://www.zillow.com/homedetails/3716-Poinciana-Dr-Santa-Clara-CA-95051/82959173_zpid/
[ERROR]: failed to open downloaded file: http://www.zillow.com/homedetails/2785-Mauricia-Ave-A-Santa-Clara-CA-95051/19600515_zpid/
[ERROR]: failed to open downloaded file: http://www.zillow.com/homedetails/2116-Del-Monte-Ave-Santa-Clara-CA-95051/19554398_zpid/
[ERROR]: failed to open downloaded file: http://www.zillow.com/homedetails/651-Hubbard-Ave-Santa-Clara-CA-95051/19618373_zpid/
[ERROR]: failed to open downloaded file: http://www.zillow.com/homedetails/3041-Kaiser-Dr-X-Santa-Clara-CA-95051/2101596986_zpid/
[ERROR]: failed to open downloaded file: http://www.zillow.com/homedetails/3375-Victoria-Ave-Santa-Clara-CA-95051/19554169_zpid/
[ERROR]: failed to open downloaded file: http://www.zillow.com/homedetails/1841-Nobili-Ave-Santa-Clara-CA-95051/19554174_zpid/
[ERROR]: failed to open downloaded file: http://www.zillow.com/homedetails/2171-San-Antonio-Pl-Santa-Clara-CA-95051/19555155_zpid/
[ERROR]: failed to open downloaded file: http://www.zillow.com/homedetails/1910-Magdalena-Cir-APT-93-Santa-Clara-CA-95051/19550765_zpid/
$VAR1 = {
          '\\/homes\\/\\d+_rb' => [
                                    '\\/homes\\/\\d+_rb',
                                    '\\/homedetails'
                                  ]
        };
[ERROR]: failed to open downloaded file: http://www.zillow.com/homedetails/3007-Kaiser-Dr-UNIT-A-Santa-Clara-CA-95051/19597034_zpid/
[ERROR]: failed to open downloaded file: http://www.zillow.com/homedetails/2601-Cortez-Dr-OFC-4201-Santa-Clara-CA-95051/79844383_zpid/
[ERROR]: failed to open downloaded file: http://www.zillow.com/homedetails/3375-Victoria-Ave-Santa-Clara-CA-95051/19554169_zpid/
[ERROR]: failed to open downloaded file: http://www.zillow.com/homedetails/2605-Taft-Ave-Santa-Clara-CA-95051/19600117_zpid/
[ERROR]: failed to open downloaded file: http://www.zillow.com/homedetails/2508-Borax-Dr-Santa-Clara-CA-95051/19552897_zpid/
[ERROR]: failed to open downloaded file: http://www.zillow.com/homedetails/3310-Lochinvar-Ave-APT-60-Santa-Clara-CA-95051/59683160_zpid/
[ERROR]: failed to open downloaded file: http://www.zillow.com/homedetails/3720-Miramesa-Ct-APT-114-Santa-Clara-CA-95051/19551262_zpid/
[ERROR]: failed to open downloaded file: http://www.zillow.com/homedetails/2670-Kentworth-Way-Santa-Clara-CA-95051/19553505_zpid/
[ERROR]: failed to open downloaded file: http://www.zillow.com/homedetails/1745-Bowers-Ave-Santa-Clara-CA-95051/19551697_zpid/
[ERROR]: failed to open downloaded file: http://www.zillow.com/homedetails/3020-Miles-Dr-Santa-Clara-CA-95051/2101666956_zpid/
[ERROR]: failed to open downloaded file: http://www.zillow.com/homedetails/714-Nicholson-Ave-Santa-Clara-CA-95051/19599890_zpid/
[ERROR]: failed to open downloaded file: http://www.zillow.com/homedetails/2671-Rebeiro-Ave-Santa-Clara-CA-95051/19599978_zpid/
[ERROR]: failed to open downloaded file: http://www.zillow.com/homedetails/3003-Kaiser-Dr-UNIT-B-Santa-Clara-CA-95051/19597054_zpid/
[ERROR]: failed to open downloaded file: http://www.zillow.com/homedetails/3041-Kaiser-Dr-X-Santa-Clara-CA-95051/2101596986_zpid/
[ERROR]: failed to open downloaded file: http://www.zillow.com/homedetails/2563-Gallup-Dr-Santa-Clara-CA-95051/19553235_zpid/
[ERROR]: failed to open downloaded file: http://www.zillow.com/homedetails/2431-S-Park-Ln-Santa-Clara-CA-95051/19553290_zpid/
[ERROR]: failed to open downloaded file: http://www.zillow.com/homedetails/2167-Santa-Cruz-Ave-Santa-Clara-CA-95051/19555289_zpid/
[ERROR]: failed to open downloaded file: http://www.zillow.com/homedetails/2071-Kimberlin-Pl-Santa-Clara-CA-95051/19554073_zpid/
$VAR1 = {
          '\\/homes\\/\\d+_rb' => [
                                    '\\/homes\\/\\d+_rb',
                                    '\\/homedetails'
                                  ]
        };
[ERROR]: failed to open downloaded file: http://www.zillow.com/homedetails/3126-Mckinley-Dr-Santa-Clara-CA-95051/2101928054_zpid/
[ERROR]: failed to open downloaded file: http://www.zillow.com/homedetails/2830-Mark-Ave-Santa-Clara-CA-95051/19555812_zpid/
[ERROR]: failed to open downloaded file: http://www.zillow.com/homedetails/3736-Poinciana-Dr-Santa-Clara-CA-95051/82963946_zpid/
[ERROR]: failed to open downloaded file: http://www.zillow.com/homedetails/1750-Halford-Ave-APT-104-Santa-Clara-CA-95051/19550983_zpid/
[ERROR]: failed to open downloaded file: http://www.zillow.com/homedetails/479-Norwood-Cir-Santa-Clara-CA-95051/79841767_zpid/
[ERROR]: failed to open downloaded file: http://www.zillow.com/homedetails/783-Cornell-Dr-Santa-Clara-CA-95051/19598075_zpid/
[ERROR]: failed to open downloaded file: http://www.zillow.com/homedetails/1146-Pomeroy-Ave-Santa-Clara-CA-95051/19596456_zpid/
[ERROR]: failed to open downloaded file: http://www.zillow.com/homedetails/770-Cornell-Dr-Santa-Clara-CA-95051/19597998_zpid/
[ERROR]: failed to open downloaded file: http://www.zillow.com/homedetails/895-Quince-Ave-UNIT-15-Santa-Clara-CA-95051/19596133_zpid/
[ERROR]: failed to open downloaded file: http://www.zillow.com/homedetails/2785-Mauricia-Ave-A-Santa-Clara-CA-95051/19600515_zpid/
[ERROR]: failed to open downloaded file: http://www.zillow.com/homedetails/1473-Merrill-Pl-Santa-Clara-CA-95051/64799459_zpid/
[ERROR]: failed to open downloaded file: http://www.zillow.com/homedetails/150-Saratoga-Ave-UNIT-360-Santa-Clara-CA-95051/19601089_zpid/
[ERROR]: failed to open downloaded file: http://www.zillow.com/homedetails/2522-Borax-Dr-Santa-Clara-CA-95051/19552894_zpid/
[ERROR]: failed to open downloaded file: http://www.zillow.com/homedetails/1910-Magdalena-Cir-APT-93-Santa-Clara-CA-95051/19550765_zpid/
[ERROR]: failed to open downloaded file: http://www.zillow.com/homedetails/1882-Shamrock-Ave-Santa-Clara-CA-95051/19551927_zpid/
[ERROR]: failed to open downloaded file: http://www.zillow.com/homedetails/2529-Moraine-Dr-Santa-Clara-CA-95051/19552675_zpid/
[ERROR]: failed to open downloaded file: http://www.zillow.com/homedetails/1841-Nobili-Ave-Santa-Clara-CA-95051/19554174_zpid/
[ERROR]: failed to open downloaded file: http://www.zillow.com/homedetails/2566-Estella-Dr-Santa-Clara-CA-95051/19600654_zpid/
$VAR1 = {
          '\\/homes\\/\\d+_rb' => [
                                    '\\/homes\\/\\d+_rb',
                                    '\\/homedetails'
                                  ]
        };
[ERROR]: failed to open downloaded file: http://www.zillow.com/homedetails/3033-Kaiser-Dr-UNIT-E-Santa-Clara-CA-95051/19596948_zpid/
[ERROR]: failed to open downloaded file: http://www.zillow.com/homedetails/2868-Homestead-Rd-APT-4-Santa-Clara-CA-95051/2101625609_zpid/
[ERROR]: failed to open downloaded file: http://www.zillow.com/homedetails/2580-Homestead-Rd-APT-4203-Santa-Clara-CA-95051/79847776_zpid/
[ERROR]: failed to open downloaded file: http://www.zillow.com/homedetails/2866-Butte-St-Santa-Clara-CA-95051/19594088_zpid/
[ERROR]: failed to open downloaded file: http://www.zillow.com/homedetails/151-Buckingham-Dr-UNIT-218-Santa-Clara-CA-95051/19601203_zpid/
[ERROR]: failed to open downloaded file: http://www.zillow.com/homedetails/2063-Xavier-Ct-Santa-Clara-CA-95051/19554460_zpid/
[ERROR]: failed to open downloaded file: http://www.zillow.com/homedetails/El-Camino-Real-Santa-Clara-CA-95051/82956956_zpid/
[ERROR]: failed to open downloaded file: http://www.zillow.com/homedetails/3310-Cabrillo-Ave-Santa-Clara-CA-95051/2101634503_zpid/
[ERROR]: failed to open downloaded file: http://www.zillow.com/homedetails/1732-Nobili-Ave-Santa-Clara-CA-95051/19553873_zpid/
[ERROR]: failed to open downloaded file: http://www.zillow.com/homedetails/1720-Halford-Ave-APT-127-Santa-Clara-CA-95051/19551028_zpid/
[ERROR]: failed to open downloaded file: http://www.zillow.com/homedetails/3003-Kaiser-Drive-B-B-Santa-Clara-CA-95051/2101537838_zpid/
[ERROR]: failed to open downloaded file: http://www.zillow.com/homedetails/2239-Brown-Ave-Santa-Clara-CA-95051/19555422_zpid/
[ERROR]: failed to open downloaded file: http://www.zillow.com/homedetails/2724-Pruneridge-Ave-Santa-Clara-CA-95051/122247069_zpid/
[ERROR]: failed to open downloaded file: http://www.zillow.com/homedetails/3160-Homestead-Rd-Santa-Clara-CA-95051/2101624445_zpid/
[ERROR]: failed to open downloaded file: http://www.zillow.com/homedetails/920-Wren-Ave-Santa-Clara-CA-95051/19617197_zpid/
[ERROR]: failed to open downloaded file: http://www.zillow.com/homedetails/Warburton-Ave-Santa-Clara-CA-95051/2101598419_zpid/
[ERROR]: failed to open downloaded file: http://www.zillow.com/homedetails/121-Buckingham-Dr-UNIT-25-Santa-Clara-CA-95051/19601153_zpid/
[ERROR]: failed to open downloaded file: http://www.zillow.com/homedetails/661-Harvard-Ave-Santa-Clara-CA-95051/2101660626_zpid/
$VAR1 = {
          '\\/homes\\/\\d+_rb' => [
                                    '\\/homes\\/\\d+_rb',
                                    '\\/homedetails'
                                  ]
        };
[ERROR]: failed to open downloaded file: http://www.zillow.com/homedetails/2116-Del-Monte-Ave-Santa-Clara-CA-95051/19554398_zpid/
[ERROR]: failed to open downloaded file: http://www.zillow.com/homedetails/2580-Homestead-Rd-Santa-Clara-CA-95051/2109601416_zpid/
[ERROR]: failed to open downloaded file: http://www.zillow.com/homedetails/2168-Francis-Ave-Santa-Clara-CA-95051/19555356_zpid/
[ERROR]: failed to open downloaded file: http://www.zillow.com/homedetails/2171-San-Antonio-Pl-Santa-Clara-CA-95051/19555155_zpid/
[ERROR]: failed to open downloaded file: http://www.zillow.com/homedetails/3716-Poinciana-Dr-Santa-Clara-CA-95051/82959173_zpid/
[ERROR]: failed to open downloaded file: http://www.zillow.com/homedetails/2550-Castello-Way-Santa-Clara-CA-95051/19553136_zpid/
[ERROR]: failed to open downloaded file: http://www.zillow.com/homedetails/936-Kiely-Blvd-UNIT-B-Santa-Clara-CA-95051/19596832_zpid/
[ERROR]: failed to open downloaded file: http://www.zillow.com/homedetails/1400-Bowe-Ave-APT-1606-Santa-Clara-CA-95051/19597449_zpid/
[ERROR]: failed to open downloaded file: http://www.zillow.com/homedetails/Kaiser-Dr-Santa-Clara-CA-95051/2101552084_zpid/
[ERROR]: failed to open downloaded file: http://www.zillow.com/homedetails/2553-Gallup-Dr-Santa-Clara-CA-95051/19553234_zpid/
[ERROR]: failed to open downloaded file: http://www.zillow.com/homedetails/2440-Benton-St-Santa-Clara-CA-95051/19595620_zpid/
[ERROR]: failed to open downloaded file: http://www.zillow.com/homedetails/2122-Rockhurst-Ct-Santa-Clara-CA-95051/19554470_zpid/
[ERROR]: failed to open downloaded file: http://www.zillow.com/homedetails/Wood-Duck-Ave-Santa-Clara-CA-95051/2101651194_zpid/
[ERROR]: failed to open downloaded file: http://www.zillow.com/homedetails/150-Saratoga-Ave-UNIT-352-Santa-Clara-CA-95051/19601081_zpid/
[ERROR]: failed to open downloaded file: http://www.zillow.com/homedetails/651-Hubbard-Ave-Santa-Clara-CA-95051/19618373_zpid/
[ERROR]: failed to open downloaded file: http://www.zillow.com/homedetails/2917-Taper-Ave-Santa-Clara-CA-95051/19555838_zpid/
[ERROR]: failed to open downloaded file: http://www.zillow.com/homedetails/575-Barto-St-Santa-Clara-CA-95051/19598439_zpid/
[ERROR]: failed to open downloaded file: http://www.zillow.com/homedetails/2909-Barkley-Ave-Santa-Clara-CA-95051/19555822_zpid/
$VAR1 = {
          '\\/homes\\/\\d+_rb' => [
                                    '\\/homes\\/\\d+_rb',
                                    '\\/homedetails'
                                  ]
        };
[ERROR]: failed to open downloaded file: http://www.zillow.com/homedetails/1910-Magdalena-Cir-APT-93-Santa-Clara-CA-95051/19550765_zpid/
[ERROR]: failed to open downloaded file: http://www.zillow.com/homedetails/2605-Taft-Ave-Santa-Clara-CA-95051/19600117_zpid/
[ERROR]: failed to open downloaded file: http://www.zillow.com/homedetails/2171-San-Antonio-Pl-Santa-Clara-CA-95051/19555155_zpid/
[ERROR]: failed to open downloaded file: http://www.zillow.com/homedetails/2529-Moraine-Dr-Santa-Clara-CA-95051/19552675_zpid/
[ERROR]: failed to open downloaded file: http://www.zillow.com/homedetails/920-Wren-Ave-Santa-Clara-CA-95051/19617197_zpid/
[ERROR]: failed to open downloaded file: http://www.zillow.com/homedetails/3020-Miles-Dr-Santa-Clara-CA-95051/2101666956_zpid/
[ERROR]: failed to open downloaded file: http://www.zillow.com/homedetails/121-Buckingham-Dr-UNIT-25-Santa-Clara-CA-95051/19601153_zpid/
[ERROR]: failed to open downloaded file: http://www.zillow.com/homedetails/2670-Kentworth-Way-Santa-Clara-CA-95051/19553505_zpid/
[ERROR]: failed to open downloaded file: http://www.zillow.com/homedetails/936-Kiely-Blvd-UNIT-B-Santa-Clara-CA-95051/19596832_zpid/
[ERROR]: failed to open downloaded file: http://www.zillow.com/homedetails/575-Barto-St-Santa-Clara-CA-95051/19598439_zpid/
[ERROR]: failed to open downloaded file: http://www.zillow.com/homedetails/1146-Pomeroy-Ave-Santa-Clara-CA-95051/19596456_zpid/
[ERROR]: failed to open downloaded file: http://www.zillow.com/homedetails/Warburton-Ave-Santa-Clara-CA-95051/2101598419_zpid/
[ERROR]: failed to open downloaded file: http://www.zillow.com/homedetails/2785-Mauricia-Ave-A-Santa-Clara-CA-95051/19600515_zpid/
[ERROR]: failed to open downloaded file: http://www.zillow.com/homedetails/2724-Pruneridge-Ave-Santa-Clara-CA-95051/122247069_zpid/
[ERROR]: failed to open downloaded file: http://www.zillow.com/homedetails/3033-Kaiser-Dr-UNIT-E-Santa-Clara-CA-95051/19596948_zpid/
[ERROR]: failed to open downloaded file: http://www.zillow.com/homedetails/783-Cornell-Dr-Santa-Clara-CA-95051/19598075_zpid/
[ERROR]: failed to open downloaded file: http://www.zillow.com/homedetails/2431-S-Park-Ln-Santa-Clara-CA-95051/19553290_zpid/
[ERROR]: failed to open downloaded file: http://www.zillow.com/homedetails/2830-Mark-Ave-Santa-Clara-CA-95051/19555812_zpid/
$VAR1 = {
          '\\/homes\\/\\d+_rb' => [
                                    '\\/homes\\/\\d+_rb',
                                    '\\/homedetails'
                                  ]
        };
[ERROR]: failed to open downloaded file: http://www.zillow.com/homedetails/3310-Cabrillo-Ave-Santa-Clara-CA-95051/2101634503_zpid/
[ERROR]: failed to open downloaded file: http://www.zillow.com/homedetails/2167-Santa-Cruz-Ave-Santa-Clara-CA-95051/19555289_zpid/
[ERROR]: failed to open downloaded file: http://www.zillow.com/homedetails/2563-Gallup-Dr-Santa-Clara-CA-95051/19553235_zpid/
[ERROR]: failed to open downloaded file: http://www.zillow.com/homedetails/2168-Francis-Ave-Santa-Clara-CA-95051/19555356_zpid/
[ERROR]: failed to open downloaded file: http://www.zillow.com/homedetails/1750-Halford-Ave-APT-104-Santa-Clara-CA-95051/19550983_zpid/
[ERROR]: failed to open downloaded file: http://www.zillow.com/homedetails/1400-Bowe-Ave-APT-1606-Santa-Clara-CA-95051/19597449_zpid/
[ERROR]: failed to open downloaded file: http://www.zillow.com/homedetails/151-Buckingham-Dr-UNIT-218-Santa-Clara-CA-95051/19601203_zpid/
[ERROR]: failed to open downloaded file: http://www.zillow.com/homedetails/661-Harvard-Ave-Santa-Clara-CA-95051/2101660626_zpid/
[ERROR]: failed to open downloaded file: http://www.zillow.com/homedetails/3126-Mckinley-Dr-Santa-Clara-CA-95051/2101928054_zpid/
[ERROR]: failed to open downloaded file: http://www.zillow.com/homedetails/2580-Homestead-Rd-APT-4203-Santa-Clara-CA-95051/79847776_zpid/
[ERROR]: failed to open downloaded file: http://www.zillow.com/homedetails/2071-Kimberlin-Pl-Santa-Clara-CA-95051/19554073_zpid/
[ERROR]: failed to open downloaded file: http://www.zillow.com/homedetails/3003-Kaiser-Drive-B-B-Santa-Clara-CA-95051/2101537838_zpid/
[ERROR]: failed to open downloaded file: http://www.zillow.com/homedetails/2063-Xavier-Ct-Santa-Clara-CA-95051/19554460_zpid/
[ERROR]: failed to open downloaded file: http://www.zillow.com/homedetails/1473-Merrill-Pl-Santa-Clara-CA-95051/64799459_zpid/
[ERROR]: failed to open downloaded file: http://www.zillow.com/homedetails/2522-Borax-Dr-Santa-Clara-CA-95051/19552894_zpid/
[ERROR]: failed to open downloaded file: http://www.zillow.com/homedetails/479-Norwood-Cir-Santa-Clara-CA-95051/79841767_zpid/
[ERROR]: failed to open downloaded file: http://www.zillow.com/homedetails/3007-Kaiser-Dr-UNIT-A-Santa-Clara-CA-95051/19597034_zpid/
[ERROR]: failed to open downloaded file: http://www.zillow.com/homedetails/2116-Del-Monte-Ave-Santa-Clara-CA-95051/19554398_zpid/
$VAR1 = {
          '\\/homes\\/\\d+_rb' => [
                                    '\\/homes\\/\\d+_rb',
                                    '\\/homedetails'
                                  ]
        };
[ERROR]: failed to open downloaded file: http://www.zillow.com/homedetails/3716-Poinciana-Dr-Santa-Clara-CA-95051/82959173_zpid/
[ERROR]: failed to open downloaded file: http://www.zillow.com/homedetails/3736-Poinciana-Dr-Santa-Clara-CA-95051/82963946_zpid/
[ERROR]: failed to open downloaded file: http://www.zillow.com/homedetails/1720-Halford-Ave-APT-127-Santa-Clara-CA-95051/19551028_zpid/
[ERROR]: failed to open downloaded file: http://www.zillow.com/homedetails/2239-Brown-Ave-Santa-Clara-CA-95051/19555422_zpid/
[ERROR]: failed to open downloaded file: http://www.zillow.com/homedetails/2917-Taper-Ave-Santa-Clara-CA-95051/19555838_zpid/
[ERROR]: failed to open downloaded file: http://www.zillow.com/homedetails/714-Nicholson-Ave-Santa-Clara-CA-95051/19599890_zpid/
[ERROR]: failed to open downloaded file: http://www.zillow.com/homedetails/2601-Cortez-Dr-OFC-4201-Santa-Clara-CA-95051/79844383_zpid/
[ERROR]: failed to open downloaded file: http://www.zillow.com/homedetails/1745-Bowers-Ave-Santa-Clara-CA-95051/19551697_zpid/
[ERROR]: failed to open downloaded file: http://www.zillow.com/homedetails/Wood-Duck-Ave-Santa-Clara-CA-95051/2101651194_zpid/
[ERROR]: failed to open downloaded file: http://www.zillow.com/homedetails/2553-Gallup-Dr-Santa-Clara-CA-95051/19553234_zpid/
[ERROR]: failed to open downloaded file: http://www.zillow.com/homedetails/150-Saratoga-Ave-UNIT-352-Santa-Clara-CA-95051/19601081_zpid/
[ERROR]: failed to open downloaded file: http://www.zillow.com/homedetails/1841-Nobili-Ave-Santa-Clara-CA-95051/19554174_zpid/
[ERROR]: failed to open downloaded file: http://www.zillow.com/homedetails/2671-Rebeiro-Ave-Santa-Clara-CA-95051/19599978_zpid/
[ERROR]: failed to open downloaded file: http://www.zillow.com/homedetails/3375-Victoria-Ave-Santa-Clara-CA-95051/19554169_zpid/
[ERROR]: failed to open downloaded file: http://www.zillow.com/homedetails/895-Quince-Ave-UNIT-15-Santa-Clara-CA-95051/19596133_zpid/
[ERROR]: failed to open downloaded file: http://www.zillow.com/homedetails/1732-Nobili-Ave-Santa-Clara-CA-95051/19553873_zpid/
[ERROR]: failed to open downloaded file: http://www.zillow.com/homedetails/1882-Shamrock-Ave-Santa-Clara-CA-95051/19551927_zpid/
[ERROR]: failed to open downloaded file: http://www.zillow.com/homedetails/2440-Benton-St-Santa-Clara-CA-95051/19595620_zpid/
$VAR1 = {
          '\\/homes\\/\\d+_rb' => [
                                    '\\/homes\\/\\d+_rb',
                                    '\\/homedetails'
                                  ]
        };
[ERROR]: failed to open downloaded file: http://www.zillow.com/homedetails/2122-Rockhurst-Ct-Santa-Clara-CA-95051/19554470_zpid/
[ERROR]: failed to open downloaded file: http://www.zillow.com/homedetails/2566-Estella-Dr-Santa-Clara-CA-95051/19600654_zpid/
[ERROR]: failed to open downloaded file: http://www.zillow.com/homedetails/2868-Homestead-Rd-APT-4-Santa-Clara-CA-95051/2101625609_zpid/
[ERROR]: failed to open downloaded file: http://www.zillow.com/homedetails/2580-Homestead-Rd-Santa-Clara-CA-95051/2109601416_zpid/
[ERROR]: failed to open downloaded file: http://www.zillow.com/homedetails/3041-Kaiser-Dr-X-Santa-Clara-CA-95051/2101596986_zpid/
[ERROR]: failed to open downloaded file: http://www.zillow.com/homedetails/3160-Homestead-Rd-Santa-Clara-CA-95051/2101624445_zpid/
[ERROR]: failed to open downloaded file: http://www.zillow.com/homedetails/Kaiser-Dr-Santa-Clara-CA-95051/2101552084_zpid/
[ERROR]: failed to open downloaded file: http://www.zillow.com/homedetails/770-Cornell-Dr-Santa-Clara-CA-95051/19597998_zpid/
[ERROR]: failed to open downloaded file: http://www.zillow.com/homedetails/El-Camino-Real-Santa-Clara-CA-95051/82956956_zpid/
[ERROR]: failed to open downloaded file: http://www.zillow.com/homedetails/2508-Borax-Dr-Santa-Clara-CA-95051/19552897_zpid/
[ERROR]: failed to open downloaded file: http://www.zillow.com/homedetails/150-Saratoga-Ave-UNIT-360-Santa-Clara-CA-95051/19601089_zpid/
[ERROR]: failed to open downloaded file: http://www.zillow.com/homedetails/2866-Butte-St-Santa-Clara-CA-95051/19594088_zpid/
[ERROR]: failed to open downloaded file: http://www.zillow.com/homedetails/3310-Lochinvar-Ave-APT-60-Santa-Clara-CA-95051/59683160_zpid/
[ERROR]: failed to open downloaded file: http://www.zillow.com/homedetails/3720-Miramesa-Ct-APT-114-Santa-Clara-CA-95051/19551262_zpid/
[ERROR]: failed to open downloaded file: http://www.zillow.com/homedetails/3003-Kaiser-Dr-UNIT-B-Santa-Clara-CA-95051/19597054_zpid/
[ERROR]: failed to open downloaded file: http://www.zillow.com/homedetails/2550-Castello-Way-Santa-Clara-CA-95051/19553136_zpid/
[ERROR]: failed to open downloaded file: http://www.zillow.com/homedetails/651-Hubbard-Ave-Santa-Clara-CA-95051/19618373_zpid/
[ERROR]: failed to open downloaded file: http://www.zillow.com/homedetails/2909-Barkley-Ave-Santa-Clara-CA-95051/19555822_zpid/
sh: /home/qi/git/PricePrediction/code/common/PageParser.pl: Permission denied
sh: /home/qi/git/PricePrediction/code/common/PageParser.pl: Permission denied
sh: /home/qi/git/PricePrediction/code/common/PageParser.pl: Permission denied
sh: /home/qi/git/PricePrediction/code/common/PageParser.pl: Permission denied
sh: /home/qi/git/PricePrediction/code/common/PageParser.pl: Permission denied
sh: /home/qi/git/PricePrediction/code/common/PageParser.pl: Permission denied
sh: /home/qi/git/PricePrediction/code/common/PageParser.pl: Permission denied
sh: /home/qi/git/PricePrediction/code/common/PageParser.pl: Permission denied
