$VAR1 = {
          '\\/homes\\/\\d+_rb' => [
                                    '\\/homes\\/\\d+_rb',
                                    '\\/homedetails'
                                  ]
        };
[ERROR]: failed to open downloaded file: http://www.zillow.com/homedetails/2830-Mark-Ave-Santa-Clara-CA-95051/19555812_zpid/
[ERROR]: failed to open downloaded file: http://www.zillow.com/homedetails/2580-Homestead-Rd-APT-4203-Santa-Clara-CA-95051/79847776_zpid/
[ERROR]: failed to open downloaded file: http://www.zillow.com/homedetails/1732-Nobili-Ave-Santa-Clara-CA-95051/19553873_zpid/
[ERROR]: failed to open downloaded file: http://www.zillow.com/homedetails/1745-Bowers-Ave-Santa-Clara-CA-95051/19551697_zpid/
[ERROR]: failed to open downloaded file: http://www.zillow.com/homedetails/2566-Estella-Dr-Santa-Clara-CA-95051/19600654_zpid/
[ERROR]: failed to open downloaded file: http://www.zillow.com/homedetails/2116-Del-Monte-Ave-Santa-Clara-CA-95051/19554398_zpid/
[ERROR]: failed to open downloaded file: http://www.zillow.com/homedetails/2063-Xavier-Ct-Santa-Clara-CA-95051/19554460_zpid/
[ERROR]: failed to open downloaded file: http://www.zillow.com/homedetails/2917-Taper-Ave-Santa-Clara-CA-95051/19555838_zpid/
[ERROR]: failed to open downloaded file: http://www.zillow.com/homedetails/El-Camino-Real-Santa-Clara-CA-95051/82956956_zpid/
[ERROR]: failed to open downloaded file: http://www.zillow.com/homedetails/3041-Kaiser-Dr-X-Santa-Clara-CA-95051/2101596986_zpid/
[ERROR]: failed to open downloaded file: http://www.zillow.com/homedetails/2866-Butte-St-Santa-Clara-CA-95051/19594088_zpid/
[ERROR]: failed to open downloaded file: http://www.zillow.com/homedetails/2529-Moraine-Dr-Santa-Clara-CA-95051/19552675_zpid/
[ERROR]: failed to open downloaded file: http://www.zillow.com/homedetails/2553-Gallup-Dr-Santa-Clara-CA-95051/19553234_zpid/
[ERROR]: failed to open downloaded file: http://www.zillow.com/homedetails/1882-Shamrock-Ave-Santa-Clara-CA-95051/19551927_zpid/
[ERROR]: failed to open downloaded file: http://www.zillow.com/homedetails/2909-Barkley-Ave-Santa-Clara-CA-95051/19555822_zpid/
[ERROR]: failed to open downloaded file: http://www.zillow.com/homedetails/2580-Homestead-Rd-Santa-Clara-CA-95051/2109601416_zpid/
[ERROR]: failed to open downloaded file: http://www.zillow.com/homedetails/2785-Mauricia-Ave-A-Santa-Clara-CA-95051/19600515_zpid/
[ERROR]: failed to open downloaded file: http://www.zillow.com/homedetails/3126-Mckinley-Dr-Santa-Clara-CA-95051/2101928054_zpid/
