$VAR1 = {
          '\\/homes\\/\\d+_rb' => [
                                    '\\/homes\\/\\d+_rb',
                                    '\\/homedetails'
                                  ]
        };
[ERROR]: failed to open downloaded file: http://www.zillow.com/homedetails/661-Harvard-Ave-Santa-Clara-CA-95051/2101660626_zpid/
[ERROR]: failed to open downloaded file: http://www.zillow.com/homedetails/479-Norwood-Cir-Santa-Clara-CA-95051/79841767_zpid/
[ERROR]: failed to open downloaded file: http://www.zillow.com/homedetails/1750-Halford-Ave-APT-104-Santa-Clara-CA-95051/19550983_zpid/
[ERROR]: failed to open downloaded file: http://www.zillow.com/homedetails/2550-Castello-Way-Santa-Clara-CA-95051/19553136_zpid/
[ERROR]: failed to open downloaded file: http://www.zillow.com/homedetails/1146-Pomeroy-Ave-Santa-Clara-CA-95051/19596456_zpid/
[ERROR]: failed to open downloaded file: http://www.zillow.com/homedetails/3375-Victoria-Ave-Santa-Clara-CA-95051/19554169_zpid/
[ERROR]: failed to open downloaded file: http://www.zillow.com/homedetails/2071-Kimberlin-Pl-Santa-Clara-CA-95051/19554073_zpid/
[ERROR]: failed to open downloaded file: http://www.zillow.com/homedetails/1720-Halford-Ave-APT-127-Santa-Clara-CA-95051/19551028_zpid/
[ERROR]: failed to open downloaded file: http://www.zillow.com/homedetails/2522-Borax-Dr-Santa-Clara-CA-95051/19552894_zpid/
[ERROR]: failed to open downloaded file: http://www.zillow.com/homedetails/3007-Kaiser-Dr-UNIT-A-Santa-Clara-CA-95051/19597034_zpid/
[ERROR]: failed to open downloaded file: http://www.zillow.com/homedetails/3003-Kaiser-Dr-UNIT-B-Santa-Clara-CA-95051/19597054_zpid/
[ERROR]: failed to open downloaded file: http://www.zillow.com/homedetails/1910-Magdalena-Cir-APT-93-Santa-Clara-CA-95051/19550765_zpid/
[ERROR]: failed to open downloaded file: http://www.zillow.com/homedetails/3160-Homestead-Rd-Santa-Clara-CA-95051/2101624445_zpid/
[ERROR]: failed to open downloaded file: http://www.zillow.com/homedetails/651-Hubbard-Ave-Santa-Clara-CA-95051/19618373_zpid/
[ERROR]: failed to open downloaded file: http://www.zillow.com/homedetails/770-Cornell-Dr-Santa-Clara-CA-95051/19597998_zpid/
[ERROR]: failed to open downloaded file: http://www.zillow.com/homedetails/2168-Francis-Ave-Santa-Clara-CA-95051/19555356_zpid/
[ERROR]: failed to open downloaded file: http://www.zillow.com/homedetails/2671-Rebeiro-Ave-Santa-Clara-CA-95051/19599978_zpid/
[ERROR]: failed to open downloaded file: http://www.zillow.com/homedetails/2670-Kentworth-Way-Santa-Clara-CA-95051/19553505_zpid/
